<?xml version="1.0" encoding="UTF-8"?>
<testng-results ignored="0" total="3" passed="2" failed="1" skipped="0">
  <reporter-output>
  </reporter-output>
  <suite started-at="2022-02-28T19:03:25 IST" name="Default suite" finished-at="2022-02-28T19:04:21 IST" duration-ms="55914">
    <groups>
    </groups>
    <test started-at="2022-02-28T19:03:25 IST" name="Default test" finished-at="2022-02-28T19:04:21 IST" duration-ms="55914">
      <class name="com.mavenproject.Data_Provider">
        <test-method signature="check()[pri:0, instance:com.mavenproject.Data_Provider@31fa1761]" started-at="2022-02-28T19:03:25 IST" name="check" finished-at="2022-02-28T19:03:25 IST" duration-ms="60" status="FAIL">
          <exception class="java.lang.NullPointerException">
            <message>
              <![CDATA[Cannot invoke "org.openqa.selenium.WebDriver.getCurrentUrl()" because "com.mavenproject.Data_Provider.driver" is null]]>
            </message>
            <full-stacktrace>
              <![CDATA[java.lang.NullPointerException: Cannot invoke "org.openqa.selenium.WebDriver.getCurrentUrl()" because "com.mavenproject.Data_Provider.driver" is null
at com.mavenproject.Data_Provider.check(Data_Provider.java:41)
at java.base/jdk.internal.reflect.NativeMethodAccessorImpl.invoke0(Native Method)
at java.base/jdk.internal.reflect.NativeMethodAccessorImpl.invoke(NativeMethodAccessorImpl.java:77)
at java.base/jdk.internal.reflect.DelegatingMethodAccessorImpl.invoke(DelegatingMethodAccessorImpl.java:43)
at java.base/java.lang.reflect.Method.invoke(Method.java:568)
at org.testng.internal.invokers.MethodInvocationHelper.invokeMethod(MethodInvocationHelper.java:135)
at org.testng.internal.invokers.TestInvoker.invokeMethod(TestInvoker.java:673)
at org.testng.internal.invokers.TestInvoker.invokeTestMethod(TestInvoker.java:220)
at org.testng.internal.invokers.MethodRunner.runInSequence(MethodRunner.java:50)
at org.testng.internal.invokers.TestInvoker$MethodInvocationAgent.invoke(TestInvoker.java:945)
at org.testng.internal.invokers.TestInvoker.invokeTestMethods(TestInvoker.java:193)
at org.testng.internal.invokers.TestMethodWorker.invokeTestMethods(TestMethodWorker.java:146)
at org.testng.internal.invokers.TestMethodWorker.run(TestMethodWorker.java:128)
at java.base/java.util.ArrayList.forEach(ArrayList.java:1511)
at org.testng.TestRunner.privateRun(TestRunner.java:808)
at org.testng.TestRunner.run(TestRunner.java:603)
at org.testng.SuiteRunner.runTest(SuiteRunner.java:429)
at org.testng.SuiteRunner.runSequentially(SuiteRunner.java:423)
at org.testng.SuiteRunner.privateRun(SuiteRunner.java:383)
at org.testng.SuiteRunner.run(SuiteRunner.java:326)
at org.testng.SuiteRunnerWorker.runSuite(SuiteRunnerWorker.java:52)
at org.testng.SuiteRunnerWorker.run(SuiteRunnerWorker.java:95)
at org.testng.TestNG.runSuitesSequentially(TestNG.java:1249)
at org.testng.TestNG.runSuitesLocally(TestNG.java:1169)
at org.testng.TestNG.runSuites(TestNG.java:1092)
at org.testng.TestNG.run(TestNG.java:1060)
at org.testng.remote.AbstractRemoteTestNG.run(AbstractRemoteTestNG.java:115)
at org.testng.remote.RemoteTestNG.initAndRun(RemoteTestNG.java:251)
at org.testng.remote.RemoteTestNG.main(RemoteTestNG.java:77)
]]>
            </full-stacktrace>
          </exception> <!-- java.lang.NullPointerException -->
          <reporter-output>
          </reporter-output>
        </test-method> <!-- check -->
        <test-method signature="datas(java.lang.String,java.lang.String)[pri:0, instance:com.mavenproject.Data_Provider@31fa1761]" started-at="2022-02-28T19:03:25 IST" name="datas" data-provider="test" finished-at="2022-02-28T19:04:01 IST" duration-ms="36031" status="PASS">
          <params>
            <param index="0">
              <value>
                <![CDATA[hackingphoenix007@gmail.com]]>
              </value>
            </param>
            <param index="1">
              <value>
                <![CDATA[hacking@007]]>
              </value>
            </param>
          </params>
          <reporter-output>
          </reporter-output>
        </test-method> <!-- datas -->
        <test-method signature="datas(java.lang.String,java.lang.String)[pri:0, instance:com.mavenproject.Data_Provider@31fa1761]" started-at="2022-02-28T19:04:01 IST" name="datas" data-provider="test" finished-at="2022-02-28T19:04:21 IST" duration-ms="19598" status="PASS">
          <params>
            <param index="0">
              <value>
                <![CDATA[hackers@gmail.com]]>
              </value>
            </param>
            <param index="1">
              <value>
                <![CDATA[123titans@AOt]]>
              </value>
            </param>
          </params>
          <reporter-output>
          </reporter-output>
        </test-method> <!-- datas -->
      </class> <!-- com.mavenproject.Data_Provider -->
    </test> <!-- Default test -->
  </suite> <!-- Default suite -->
</testng-results>
